 
****************************************
Report : area
Design : LASER
Version: O-2018.06
Date   : Wed Mar 19 04:21:59 2025
****************************************

Library(s) Used:

    slow (File: /home/B11130007/Desktop/LASER/db/slow.db)

Number of ports:                          299
Number of nets:                          1831
Number of cells:                         1588
Number of combinational cells:           1137
Number of sequential cells:               438
Number of macros/black boxes:               0
Number of buf/inv:                        192
Number of references:                     151

Combinational area:              12907.029470
Buf/Inv area:                     1441.092594
Noncombinational area:           14409.228935
Macro/Black Box area:                0.000000
Net Interconnect area:          196001.005646

Total cell area:                 27316.258405
Total area:                     223317.264051
1
