 
****************************************
Report : timing
        -path full
        -delay max
        -max_paths 1
Design : LASER
Version: O-2018.06
Date   : Thu Mar 13 23:36:13 2025
****************************************

Operating Conditions: slow   Library: slow
Wire Load Model Mode: top

  Startpoint: targ_idx_reg[1]
              (rising edge-triggered flip-flop clocked by CLK)
  Endpoint: temp_count_reg[0]
            (rising edge-triggered flip-flop clocked by CLK)
  Path Group: CLK
  Path Type: max

  Point                                                   Incr       Path
  --------------------------------------------------------------------------
  clock CLK (rise edge)                                   0.00       0.00
  clock network delay (ideal)                             0.50       0.50
  targ_idx_reg[1]/CK (DFFTRXL)                            0.00       0.50 r
  targ_idx_reg[1]/Q (DFFTRXL)                             0.35       0.85 f
  U2872/Y (NOR2X1)                                        0.17       1.03 r
  U2495/Y (NAND2X2)                                       0.17       1.20 f
  U2927/Y (OAI221X1)                                      0.13       1.33 r
  U2931/Y (NOR4X1)                                        0.05       1.38 f
  U2932/Y (AOI22XL)                                       0.11       1.49 r
  U2933/Y (OAI2BB1X1)                                     0.06       1.55 f
  U2562/Y (BUFX2)                                         0.14       1.69 f
  U2548/Y (NAND2X2)                                       0.07       1.76 r
  U2524/Y (OAI21X1)                                       0.09       1.85 f
  U2738/Y (OAI21X1)                                       0.08       1.93 r
  U2737/Y (AOI21X1)                                       0.07       2.00 f
  U2736/Y (OAI22X1)                                       0.16       2.16 r
  U2708/Y (OAI211XL)                                      0.15       2.31 f
  U2376/Y (OAI31X1)                                       0.09       2.40 r
  U2536/Y (INVX2)                                         0.09       2.49 f
  U3126/Y (NOR2X1)                                        0.07       2.56 r
  mult_62_2_C123_2/U4/S (ADDFX1)                          0.29       2.85 f
  add_62_C123_2/B[4] (LASER_DW01_add_1)                   0.00       2.85 f
  add_62_C123_2/U1_4/CO (ADDFX1)                          0.27       3.12 f
  add_62_C123_2/U1_5/CO (ADDFX1)                          0.18       3.29 f
  add_62_C123_2/U1_6/CO (ADDFX1)                          0.18       3.48 f
  add_62_C123_2/U1_7/Y (XOR3XL)                           0.14       3.61 f
  add_62_C123_2/SUM[7] (LASER_DW01_add_1)                 0.00       3.61 f
  U3148/Y (OR3X1)                                         0.13       3.75 f
  U3149/Y (OAI32XL)                                       0.16       3.91 r
  U2457/Y (AOI2BB1X2)                                     0.11       4.02 r
  U2455/Y (OAI31X1)                                       0.08       4.10 f
  U2454/Y (INVX2)                                         0.09       4.19 r
  U2402/Y (NAND2X2)                                       0.08       4.27 f
  U2756/Y (OAI22X1)                                       0.07       4.34 r
  temp_count_reg[0]/RN (DFFTRXL)                          0.00       4.34 r
  data arrival time                                                  4.34

  clock CLK (rise edge)                                   8.00       8.00
  clock network delay (ideal)                             0.50       8.50
  clock uncertainty                                      -0.10       8.40
  temp_count_reg[0]/CK (DFFTRXL)                          0.00       8.40 r
  library setup time                                     -0.15       8.25
  data required time                                                 8.25
  --------------------------------------------------------------------------
  data required time                                                 8.25
  data arrival time                                                 -4.34
  --------------------------------------------------------------------------
  slack (MET)                                                        3.91


1
